#-----------------------------------------------------------
# Vivado v2019.1 (64-bit)
# SW Build 2552052 on Fri May 24 14:49:42 MDT 2019
# IP Build 2548770 on Fri May 24 18:01:18 MDT 2019
# Start of session at: Sun Apr 19 09:02:14 2020
# Process ID: 5064
# Current directory: C:/Users/fpell/Downloads/Untouched/S4e-APP6-Vivado_2019/APP6
# Command line: vivado.exe -gui_launcher_event rodinguilauncherevent8536 C:\Users\fpell\Downloads\Untouched\S4e-APP6-Vivado_2019\APP6\APP6.xpr
# Log file: C:/Users/fpell/Downloads/Untouched/S4e-APP6-Vivado_2019/APP6/vivado.log
# Journal file: C:/Users/fpell/Downloads/Untouched/S4e-APP6-Vivado_2019/APP6\vivado.jou
#-----------------------------------------------------------
start_gui
open_project C:/Users/fpell/Downloads/Untouched/S4e-APP6-Vivado_2019/APP6/APP6.xpr
Scanning sources...
Finished scanning sources
WARNING: [filemgmt 56-3] IP Repository Path: Could not find the directory 'C:/Users/fpell/Downloads/vivado-library-2018.2-1'.
INFO: [IP_Flow 19-234] Refreshing IP repositories
INFO: [IP_Flow 19-1700] Loaded user IP repository 'c:/Users/fpell/Downloads/Untouched/S4e-APP6-Vivado_2019/ip_repo/myip_1.0'.
WARNING: [IP_Flow 19-2248] Failed to load user IP repository 'c:/Users/fpell/Downloads/vivado-library-2018.2-1'; Can't find the specified path.
If this directory should no longer be in your list of user repositories, go to the IP Settings dialog and remove it.
INFO: [IP_Flow 19-2313] Loaded Vivado IP repository 'C:/Xilinx/Vivado/2019.1/data/ip'.
open_project: Time (s): cpu = 00:00:32 ; elapsed = 00:00:17 . Memory (MB): peak = 780.402 ; gain = 164.309
update_compile_order -fileset sources_1
launch_sdk -workspace C:/Users/fpell/Downloads/Untouched/S4e-APP6-Vivado_2019/APP6/APP6.sdk -hwspec C:/Users/fpell/Downloads/Untouched/S4e-APP6-Vivado_2019/APP6/APP6.sdk/design_1_wrapper.hdf
INFO: [Vivado 12-393] Launching SDK...
INFO: [Vivado 12-417] Running xsdk -workspace C:/Users/fpell/Downloads/Untouched/S4e-APP6-Vivado_2019/APP6/APP6.sdk -hwspec C:/Users/fpell/Downloads/Untouched/S4e-APP6-Vivado_2019/APP6/APP6.sdk/design_1_wrapper.hdf
INFO: [Vivado 12-3157] SDK launch initiated. Please check console for any further messages.
