#-----------------------------------------------------------
# Vivado v2019.1 (64-bit)
# SW Build 2552052 on Fri May 24 14:49:42 MDT 2019
# IP Build 2548770 on Fri May 24 18:01:18 MDT 2019
# Start of session at: Wed Apr 22 13:16:26 2020
# Process ID: 467992
# Current directory: C:/Mini_Cruze_Max/S4e-APP6-Vivado_2019/APP6
# Command line: vivado.exe -gui_launcher_event rodinguilauncherevent467392 C:\Mini_Cruze_Max\S4e-APP6-Vivado_2019\APP6\APP6.xpr
# Log file: C:/Mini_Cruze_Max/S4e-APP6-Vivado_2019/APP6/vivado.log
# Journal file: C:/Mini_Cruze_Max/S4e-APP6-Vivado_2019/APP6\vivado.jou
#-----------------------------------------------------------
start_gui
open_project C:/Mini_Cruze_Max/S4e-APP6-Vivado_2019/APP6/APP6.xpr
Scanning sources...
Finished scanning sources
WARNING: [filemgmt 56-3] IP Repository Path: Could not find the directory 'C:/vivado-library-2018.2-1'.
INFO: [IP_Flow 19-234] Refreshing IP repositories
INFO: [IP_Flow 19-1700] Loaded user IP repository 'c:/Mini_Cruze_Max/S4e-APP6-Vivado_2019/ip_repo/out_SSD_1.0'.
INFO: [IP_Flow 19-1700] Loaded user IP repository 'c:/Mini_Cruze_Max/S4e-APP6-Vivado_2019/ip_repo/in_potentio_1.0'.
INFO: [IP_Flow 19-1700] Loaded user IP repository 'c:/Mini_Cruze_Max/S4e-APP6-Vivado_2019/ip_repo/myip_1.0'.
WARNING: [IP_Flow 19-2248] Failed to load user IP repository 'c:/vivado-library-2018.2-1'; Can't find the specified path.
If this directory should no longer be in your list of user repositories, go to the IP Settings dialog and remove it.
INFO: [IP_Flow 19-2313] Loaded Vivado IP repository 'C:/Xilinx/Vivado/2019.1/data/ip'.
open_project: Time (s): cpu = 00:00:20 ; elapsed = 00:00:14 . Memory (MB): peak = 789.375 ; gain = 153.918
update_compile_order -fileset sources_1
open_hw
connect_hw_server
INFO: [Labtools 27-2285] Connecting to hw_server url TCP:localhost:3121
open_hw_target
INFO: [Labtoolstcl 44-466] Opening hw_target localhost:3121/xilinx_tcf/Digilent/210351A77E51A
open_hw_target: Time (s): cpu = 00:00:05 ; elapsed = 00:00:07 . Memory (MB): peak = 2042.297 ; gain = 433.301
set_property PROGRAM.FILE {C:/Mini_Cruze_Max/S4e-APP6-Vivado_2019/APP6/APP6.runs/impl_1/design_1_wrapper.bit} [get_hw_devices xc7z010_1]
current_hw_device [get_hw_devices xc7z010_1]
refresh_hw_device -update_hw_probes false [lindex [get_hw_devices xc7z010_1] 0]
INFO: [Labtools 27-1434] Device xc7z010 (JTAG device index = 1) is programmed with a design that has no supported debug core(s) in it.
set_property PROBES.FILE {} [get_hw_devices xc7z010_1]
set_property FULL_PROBES.FILE {} [get_hw_devices xc7z010_1]
set_property PROGRAM.FILE {C:/Mini_Cruze_Max/S4e-APP6-Vivado_2019/APP6/APP6.runs/impl_1/design_1_wrapper.bit} [get_hw_devices xc7z010_1]
program_hw_devices [get_hw_devices xc7z010_1]
INFO: [Labtools 27-3164] End of startup status: HIGH
refresh_hw_device [lindex [get_hw_devices xc7z010_1] 0]
INFO: [Labtools 27-1434] Device xc7z010 (JTAG device index = 1) is programmed with a design that has no supported debug core(s) in it.
file copy -force C:/Mini_Cruze_Max/S4e-APP6-Vivado_2019/APP6/APP6.runs/impl_1/design_1_wrapper.sysdef C:/Mini_Cruze_Max/S4e-APP6-Vivado_2019/APP6/APP6.sdk/design_1_wrapper.hdf

launch_sdk -workspace C:/Mini_Cruze_Max/S4e-APP6-Vivado_2019/APP6/APP6.sdk -hwspec C:/Mini_Cruze_Max/S4e-APP6-Vivado_2019/APP6/APP6.sdk/design_1_wrapper.hdf
INFO: [Vivado 12-393] Launching SDK...
INFO: [Vivado 12-417] Running xsdk -workspace C:/Mini_Cruze_Max/S4e-APP6-Vivado_2019/APP6/APP6.sdk -hwspec C:/Mini_Cruze_Max/S4e-APP6-Vivado_2019/APP6/APP6.sdk/design_1_wrapper.hdf
INFO: [Vivado 12-3157] SDK launch initiated. Please check console for any further messages.
exit
INFO: [Common 17-206] Exiting Vivado at Wed Apr 22 17:03:32 2020...
