
*** Running vivado
    with args -log design_1_in_potentio_0_0.vds -m64 -product Vivado -mode batch -messageDb vivado.pb -notrace -source design_1_in_potentio_0_0.tcl


****** Vivado v2019.1 (64-bit)
  **** SW Build 2552052 on Fri May 24 14:49:42 MDT 2019
  **** IP Build 2548770 on Fri May 24 18:01:18 MDT 2019
    ** Copyright 1986-2019 Xilinx, Inc. All Rights Reserved.

source design_1_in_potentio_0_0.tcl -notrace
INFO: [IP_Flow 19-234] Refreshing IP repositories
INFO: [IP_Flow 19-1700] Loaded user IP repository 'c:/Mini_Cruze_Max/S4e-APP6-Vivado_2019/ip_repo/out_SSD_1.0'.
INFO: [IP_Flow 19-1700] Loaded user IP repository 'c:/Mini_Cruze_Max/S4e-APP6-Vivado_2019/ip_repo/in_potentio_1.0'.
INFO: [IP_Flow 19-1700] Loaded user IP repository 'c:/Mini_Cruze_Max/S4e-APP6-Vivado_2019/ip_repo/myip_1.0'.
WARNING: [IP_Flow 19-2248] Failed to load user IP repository 'c:/vivado-library-2018.2-1'; Can't find the specified path.
If this directory should no longer be in your list of user repositories, go to the IP Settings dialog and remove it.
INFO: [IP_Flow 19-2313] Loaded Vivado IP repository 'C:/Xilinx/Vivado/2019.1/data/ip'.
Command: synth_design -top design_1_in_potentio_0_0 -part xc7z010clg400-1 -mode out_of_context
Starting synth_design
Attempting to get a license for feature 'Synthesis' and/or device 'xc7z010'
INFO: [Common 17-349] Got license for feature 'Synthesis' and/or device 'xc7z010'
INFO: [Device 21-403] Loading part xc7z010clg400-1
INFO: Launching helper process for spawning children vivado processes
INFO: Helper process launched with PID 51936 
---------------------------------------------------------------------------------
Starting RTL Elaboration : Time (s): cpu = 00:00:03 ; elapsed = 00:00:04 . Memory (MB): peak = 712.906 ; gain = 176.590
---------------------------------------------------------------------------------
INFO: [Synth 8-638] synthesizing module 'design_1_in_potentio_0_0' [c:/Mini_Cruze_Max/S4e-APP6-Vivado_2019/APP6/APP6.srcs/sources_1/bd/design_1/ip/design_1_in_potentio_0_0/synth/design_1_in_potentio_0_0.vhd:83]
	Parameter C_S00_AXI_DATA_WIDTH bound to: 32 - type: integer 
	Parameter C_S00_AXI_ADDR_WIDTH bound to: 4 - type: integer 
INFO: [Synth 8-3491] module 'in_potentio_v1_0' declared at 'c:/Mini_Cruze_Max/S4e-APP6-Vivado_2019/APP6/APP6.srcs/sources_1/bd/design_1/ipshared/e29b/hdl/in_potentio_v1_0.vhd:5' bound to instance 'U0' of component 'in_potentio_v1_0' [c:/Mini_Cruze_Max/S4e-APP6-Vivado_2019/APP6/APP6.srcs/sources_1/bd/design_1/ip/design_1_in_potentio_0_0/synth/design_1_in_potentio_0_0.vhd:150]
INFO: [Synth 8-638] synthesizing module 'in_potentio_v1_0' [c:/Mini_Cruze_Max/S4e-APP6-Vivado_2019/APP6/APP6.srcs/sources_1/bd/design_1/ipshared/e29b/hdl/in_potentio_v1_0.vhd:49]
	Parameter C_S00_AXI_DATA_WIDTH bound to: 32 - type: integer 
	Parameter C_S00_AXI_ADDR_WIDTH bound to: 4 - type: integer 
	Parameter C_S_AXI_DATA_WIDTH bound to: 32 - type: integer 
	Parameter C_S_AXI_ADDR_WIDTH bound to: 4 - type: integer 
INFO: [Synth 8-3491] module 'in_potentio_v1_0_S00_AXI' declared at 'c:/Mini_Cruze_Max/S4e-APP6-Vivado_2019/APP6/APP6.srcs/sources_1/bd/design_1/ipshared/e29b/hdl/in_potentio_v1_0_S00_AXI.vhd:5' bound to instance 'in_potentio_v1_0_S00_AXI_inst' of component 'in_potentio_v1_0_S00_AXI' [c:/Mini_Cruze_Max/S4e-APP6-Vivado_2019/APP6/APP6.srcs/sources_1/bd/design_1/ipshared/e29b/hdl/in_potentio_v1_0.vhd:87]
INFO: [Synth 8-638] synthesizing module 'in_potentio_v1_0_S00_AXI' [c:/Mini_Cruze_Max/S4e-APP6-Vivado_2019/APP6/APP6.srcs/sources_1/bd/design_1/ipshared/e29b/hdl/in_potentio_v1_0_S00_AXI.vhd:86]
	Parameter C_S_AXI_DATA_WIDTH bound to: 32 - type: integer 
	Parameter C_S_AXI_ADDR_WIDTH bound to: 4 - type: integer 
INFO: [Synth 8-226] default block is never used [c:/Mini_Cruze_Max/S4e-APP6-Vivado_2019/APP6/APP6.srcs/sources_1/bd/design_1/ipshared/e29b/hdl/in_potentio_v1_0_S00_AXI.vhd:225]
INFO: [Synth 8-226] default block is never used [c:/Mini_Cruze_Max/S4e-APP6-Vivado_2019/APP6/APP6.srcs/sources_1/bd/design_1/ipshared/e29b/hdl/in_potentio_v1_0_S00_AXI.vhd:355]
WARNING: [Synth 8-614] signal 'in_pot' is read in the process but is not in the sensitivity list [c:/Mini_Cruze_Max/S4e-APP6-Vivado_2019/APP6/APP6.srcs/sources_1/bd/design_1/ipshared/e29b/hdl/in_potentio_v1_0_S00_AXI.vhd:350]
WARNING: [Synth 8-614] signal 'converted' is read in the process but is not in the sensitivity list [c:/Mini_Cruze_Max/S4e-APP6-Vivado_2019/APP6/APP6.srcs/sources_1/bd/design_1/ipshared/e29b/hdl/in_potentio_v1_0_S00_AXI.vhd:350]
WARNING: [Synth 8-6014] Unused sequential element slv_reg0_reg was removed.  [c:/Mini_Cruze_Max/S4e-APP6-Vivado_2019/APP6/APP6.srcs/sources_1/bd/design_1/ipshared/e29b/hdl/in_potentio_v1_0_S00_AXI.vhd:218]
WARNING: [Synth 8-6014] Unused sequential element slv_reg1_reg was removed.  [c:/Mini_Cruze_Max/S4e-APP6-Vivado_2019/APP6/APP6.srcs/sources_1/bd/design_1/ipshared/e29b/hdl/in_potentio_v1_0_S00_AXI.vhd:219]
WARNING: [Synth 8-6014] Unused sequential element loc_addr_reg was removed.  [c:/Mini_Cruze_Max/S4e-APP6-Vivado_2019/APP6/APP6.srcs/sources_1/bd/design_1/ipshared/e29b/hdl/in_potentio_v1_0_S00_AXI.vhd:223]
INFO: [Synth 8-256] done synthesizing module 'in_potentio_v1_0_S00_AXI' (1#1) [c:/Mini_Cruze_Max/S4e-APP6-Vivado_2019/APP6/APP6.srcs/sources_1/bd/design_1/ipshared/e29b/hdl/in_potentio_v1_0_S00_AXI.vhd:86]
INFO: [Synth 8-256] done synthesizing module 'in_potentio_v1_0' (2#1) [c:/Mini_Cruze_Max/S4e-APP6-Vivado_2019/APP6/APP6.srcs/sources_1/bd/design_1/ipshared/e29b/hdl/in_potentio_v1_0.vhd:49]
INFO: [Synth 8-256] done synthesizing module 'design_1_in_potentio_0_0' (3#1) [c:/Mini_Cruze_Max/S4e-APP6-Vivado_2019/APP6/APP6.srcs/sources_1/bd/design_1/ip/design_1_in_potentio_0_0/synth/design_1_in_potentio_0_0.vhd:83]
WARNING: [Synth 8-3331] design in_potentio_v1_0_S00_AXI has unconnected port S_AXI_AWPROT[2]
WARNING: [Synth 8-3331] design in_potentio_v1_0_S00_AXI has unconnected port S_AXI_AWPROT[1]
WARNING: [Synth 8-3331] design in_potentio_v1_0_S00_AXI has unconnected port S_AXI_AWPROT[0]
WARNING: [Synth 8-3331] design in_potentio_v1_0_S00_AXI has unconnected port S_AXI_ARPROT[2]
WARNING: [Synth 8-3331] design in_potentio_v1_0_S00_AXI has unconnected port S_AXI_ARPROT[1]
WARNING: [Synth 8-3331] design in_potentio_v1_0_S00_AXI has unconnected port S_AXI_ARPROT[0]
---------------------------------------------------------------------------------
Finished RTL Elaboration : Time (s): cpu = 00:00:04 ; elapsed = 00:00:05 . Memory (MB): peak = 781.887 ; gain = 245.570
---------------------------------------------------------------------------------

Report Check Netlist: 
+------+------------------+-------+---------+-------+------------------+
|      |Item              |Errors |Warnings |Status |Description       |
+------+------------------+-------+---------+-------+------------------+
|1     |multi_driven_nets |      0|        0|Passed |Multi driven nets |
+------+------------------+-------+---------+-------+------------------+
---------------------------------------------------------------------------------
Start Handling Custom Attributes
---------------------------------------------------------------------------------
---------------------------------------------------------------------------------
Finished Handling Custom Attributes : Time (s): cpu = 00:00:05 ; elapsed = 00:00:05 . Memory (MB): peak = 781.887 ; gain = 245.570
---------------------------------------------------------------------------------
---------------------------------------------------------------------------------
Finished RTL Optimization Phase 1 : Time (s): cpu = 00:00:05 ; elapsed = 00:00:05 . Memory (MB): peak = 781.887 ; gain = 245.570
---------------------------------------------------------------------------------
INFO: [Project 1-570] Preparing netlist for logic optimization

Processing XDC Constraints
Initializing timing engine
Completed Processing XDC Constraints

Netlist sorting complete. Time (s): cpu = 00:00:00 ; elapsed = 00:00:00 . Memory (MB): peak = 887.711 ; gain = 0.000
INFO: [Project 1-111] Unisim Transformation Summary:
No Unisim elements were transformed.

WARNING: [Constraints 18-5210] No constraints selected for write.
Resolution: This message can indicate that there are no constraints for the design, or it can indicate that the used_in flags are set such that the constraints are ignored. This later case is used when running synth_design to not write synthesis constraints to the resulting checkpoint. Instead, project constraints are read when the synthesized design is opened.
Constraint Validation Runtime : Time (s): cpu = 00:00:00 ; elapsed = 00:00:00.102 . Memory (MB): peak = 889.691 ; gain = 1.980
---------------------------------------------------------------------------------
Finished Constraint Validation : Time (s): cpu = 00:00:10 ; elapsed = 00:00:11 . Memory (MB): peak = 889.691 ; gain = 353.375
---------------------------------------------------------------------------------
---------------------------------------------------------------------------------
Start Loading Part and Timing Information
---------------------------------------------------------------------------------
Loading part: xc7z010clg400-1
---------------------------------------------------------------------------------
Finished Loading Part and Timing Information : Time (s): cpu = 00:00:10 ; elapsed = 00:00:11 . Memory (MB): peak = 889.691 ; gain = 353.375
---------------------------------------------------------------------------------
---------------------------------------------------------------------------------
Start Applying 'set_property' XDC Constraints
---------------------------------------------------------------------------------
---------------------------------------------------------------------------------
Finished applying 'set_property' XDC Constraints : Time (s): cpu = 00:00:10 ; elapsed = 00:00:11 . Memory (MB): peak = 889.691 ; gain = 353.375
---------------------------------------------------------------------------------
INFO: [Synth 8-5546] ROM "converted" won't be mapped to RAM because it is too sparse
---------------------------------------------------------------------------------
Finished RTL Optimization Phase 2 : Time (s): cpu = 00:00:10 ; elapsed = 00:00:11 . Memory (MB): peak = 889.691 ; gain = 353.375
---------------------------------------------------------------------------------

Report RTL Partitions: 
+-+--------------+------------+----------+
| |RTL Partition |Replication |Instances |
+-+--------------+------------+----------+
+-+--------------+------------+----------+
---------------------------------------------------------------------------------
Start RTL Component Statistics 
---------------------------------------------------------------------------------
Detailed RTL Component Info : 
+---Registers : 
	               32 Bit    Registers := 3     
	                4 Bit    Registers := 2     
	                2 Bit    Registers := 2     
	                1 Bit    Registers := 6     
+---Muxes : 
	   2 Input     32 Bit        Muxes := 2     
	   4 Input     32 Bit        Muxes := 3     
	  10 Input      4 Bit        Muxes := 1     
	   2 Input      1 Bit        Muxes := 5     
---------------------------------------------------------------------------------
Finished RTL Component Statistics 
---------------------------------------------------------------------------------
---------------------------------------------------------------------------------
Start RTL Hierarchical Component Statistics 
---------------------------------------------------------------------------------
Hierarchical RTL Component report 
Module in_potentio_v1_0_S00_AXI 
Detailed RTL Component Info : 
+---Registers : 
	               32 Bit    Registers := 3     
	                4 Bit    Registers := 2     
	                2 Bit    Registers := 2     
	                1 Bit    Registers := 6     
+---Muxes : 
	   2 Input     32 Bit        Muxes := 2     
	   4 Input     32 Bit        Muxes := 3     
	  10 Input      4 Bit        Muxes := 1     
	   2 Input      1 Bit        Muxes := 5     
---------------------------------------------------------------------------------
Finished RTL Hierarchical Component Statistics
---------------------------------------------------------------------------------
---------------------------------------------------------------------------------
Start Part Resource Summary
---------------------------------------------------------------------------------
Part Resources:
DSPs: 80 (col length:40)
BRAMs: 120 (col length: RAMB18 40 RAMB36 20)
---------------------------------------------------------------------------------
Finished Part Resource Summary
---------------------------------------------------------------------------------
---------------------------------------------------------------------------------
Start Cross Boundary and Area Optimization
---------------------------------------------------------------------------------
Warning: Parallel synthesis criteria is not met 
INFO: [Synth 8-5546] ROM "U0/in_potentio_v1_0_S00_AXI_inst/converted" won't be mapped to RAM because it is too sparse
WARNING: [Synth 8-3331] design design_1_in_potentio_0_0 has unconnected port s00_axi_awprot[2]
WARNING: [Synth 8-3331] design design_1_in_potentio_0_0 has unconnected port s00_axi_awprot[1]
WARNING: [Synth 8-3331] design design_1_in_potentio_0_0 has unconnected port s00_axi_awprot[0]
WARNING: [Synth 8-3331] design design_1_in_potentio_0_0 has unconnected port s00_axi_arprot[2]
WARNING: [Synth 8-3331] design design_1_in_potentio_0_0 has unconnected port s00_axi_arprot[1]
WARNING: [Synth 8-3331] design design_1_in_potentio_0_0 has unconnected port s00_axi_arprot[0]
INFO: [Synth 8-3886] merging instance 'U0/in_potentio_v1_0_S00_AXI_inst/axi_rresp_reg[0]' (FDRE) to 'U0/in_potentio_v1_0_S00_AXI_inst/axi_rresp_reg[1]'
INFO: [Synth 8-3333] propagating constant 0 across sequential element (\U0/in_potentio_v1_0_S00_AXI_inst/axi_rresp_reg[1] )
INFO: [Synth 8-3886] merging instance 'U0/in_potentio_v1_0_S00_AXI_inst/axi_bresp_reg[0]' (FDRE) to 'U0/in_potentio_v1_0_S00_AXI_inst/axi_bresp_reg[1]'
INFO: [Synth 8-3333] propagating constant 0 across sequential element (\U0/in_potentio_v1_0_S00_AXI_inst/axi_bresp_reg[1] )
---------------------------------------------------------------------------------
Finished Cross Boundary and Area Optimization : Time (s): cpu = 00:00:12 ; elapsed = 00:00:13 . Memory (MB): peak = 889.691 ; gain = 353.375
---------------------------------------------------------------------------------

Report RTL Partitions: 
+-+--------------+------------+----------+
| |RTL Partition |Replication |Instances |
+-+--------------+------------+----------+
+-+--------------+------------+----------+
---------------------------------------------------------------------------------
Start Applying XDC Timing Constraints
---------------------------------------------------------------------------------
---------------------------------------------------------------------------------
Finished Applying XDC Timing Constraints : Time (s): cpu = 00:00:21 ; elapsed = 00:00:22 . Memory (MB): peak = 889.691 ; gain = 353.375
---------------------------------------------------------------------------------
---------------------------------------------------------------------------------
Start Timing Optimization
---------------------------------------------------------------------------------
---------------------------------------------------------------------------------
Finished Timing Optimization : Time (s): cpu = 00:00:21 ; elapsed = 00:00:22 . Memory (MB): peak = 889.691 ; gain = 353.375
---------------------------------------------------------------------------------

Report RTL Partitions: 
+-+--------------+------------+----------+
| |RTL Partition |Replication |Instances |
+-+--------------+------------+----------+
+-+--------------+------------+----------+
---------------------------------------------------------------------------------
Start Technology Mapping
---------------------------------------------------------------------------------
---------------------------------------------------------------------------------
Finished Technology Mapping : Time (s): cpu = 00:00:21 ; elapsed = 00:00:22 . Memory (MB): peak = 889.691 ; gain = 353.375
---------------------------------------------------------------------------------

Report RTL Partitions: 
+-+--------------+------------+----------+
| |RTL Partition |Replication |Instances |
+-+--------------+------------+----------+
+-+--------------+------------+----------+
---------------------------------------------------------------------------------
Start IO Insertion
---------------------------------------------------------------------------------
---------------------------------------------------------------------------------
Start Flattening Before IO Insertion
---------------------------------------------------------------------------------
---------------------------------------------------------------------------------
Finished Flattening Before IO Insertion
---------------------------------------------------------------------------------
---------------------------------------------------------------------------------
Start Final Netlist Cleanup
---------------------------------------------------------------------------------
---------------------------------------------------------------------------------
Finished Final Netlist Cleanup
---------------------------------------------------------------------------------
---------------------------------------------------------------------------------
Finished IO Insertion : Time (s): cpu = 00:00:24 ; elapsed = 00:00:25 . Memory (MB): peak = 902.715 ; gain = 366.398
---------------------------------------------------------------------------------

Report Check Netlist: 
+------+------------------+-------+---------+-------+------------------+
|      |Item              |Errors |Warnings |Status |Description       |
+------+------------------+-------+---------+-------+------------------+
|1     |multi_driven_nets |      0|        0|Passed |Multi driven nets |
+------+------------------+-------+---------+-------+------------------+
---------------------------------------------------------------------------------
Start Renaming Generated Instances
---------------------------------------------------------------------------------
---------------------------------------------------------------------------------
Finished Renaming Generated Instances : Time (s): cpu = 00:00:24 ; elapsed = 00:00:25 . Memory (MB): peak = 902.715 ; gain = 366.398
---------------------------------------------------------------------------------

Report RTL Partitions: 
+-+--------------+------------+----------+
| |RTL Partition |Replication |Instances |
+-+--------------+------------+----------+
+-+--------------+------------+----------+
---------------------------------------------------------------------------------
Start Rebuilding User Hierarchy
---------------------------------------------------------------------------------
---------------------------------------------------------------------------------
Finished Rebuilding User Hierarchy : Time (s): cpu = 00:00:24 ; elapsed = 00:00:25 . Memory (MB): peak = 902.715 ; gain = 366.398
---------------------------------------------------------------------------------
---------------------------------------------------------------------------------
Start Renaming Generated Ports
---------------------------------------------------------------------------------
---------------------------------------------------------------------------------
Finished Renaming Generated Ports : Time (s): cpu = 00:00:24 ; elapsed = 00:00:25 . Memory (MB): peak = 902.715 ; gain = 366.398
---------------------------------------------------------------------------------
---------------------------------------------------------------------------------
Start Handling Custom Attributes
---------------------------------------------------------------------------------
---------------------------------------------------------------------------------
Finished Handling Custom Attributes : Time (s): cpu = 00:00:24 ; elapsed = 00:00:25 . Memory (MB): peak = 902.715 ; gain = 366.398
---------------------------------------------------------------------------------
---------------------------------------------------------------------------------
Start Renaming Generated Nets
---------------------------------------------------------------------------------
---------------------------------------------------------------------------------
Finished Renaming Generated Nets : Time (s): cpu = 00:00:24 ; elapsed = 00:00:25 . Memory (MB): peak = 902.715 ; gain = 366.398
---------------------------------------------------------------------------------
---------------------------------------------------------------------------------
Start Writing Synthesis Report
---------------------------------------------------------------------------------

Report BlackBoxes: 
+-+--------------+----------+
| |BlackBox name |Instances |
+-+--------------+----------+
+-+--------------+----------+

Report Cell Usage: 
+------+-----+------+
|      |Cell |Count |
+------+-----+------+
|1     |LUT1 |     1|
|2     |LUT2 |     1|
|3     |LUT3 |     1|
|4     |LUT4 |    38|
|5     |LUT5 |     9|
|6     |LUT6 |    14|
|7     |FDRE |   103|
|8     |FDSE |     3|
+------+-----+------+

Report Instance Areas: 
+------+----------------------------------+-------------------------+------+
|      |Instance                          |Module                   |Cells |
+------+----------------------------------+-------------------------+------+
|1     |top                               |                         |   170|
|2     |  U0                              |in_potentio_v1_0         |   170|
|3     |    in_potentio_v1_0_S00_AXI_inst |in_potentio_v1_0_S00_AXI |   170|
+------+----------------------------------+-------------------------+------+
---------------------------------------------------------------------------------
Finished Writing Synthesis Report : Time (s): cpu = 00:00:24 ; elapsed = 00:00:25 . Memory (MB): peak = 902.715 ; gain = 366.398
---------------------------------------------------------------------------------
Synthesis finished with 0 errors, 0 critical warnings and 6 warnings.
Synthesis Optimization Runtime : Time (s): cpu = 00:00:18 ; elapsed = 00:00:23 . Memory (MB): peak = 902.715 ; gain = 258.594
Synthesis Optimization Complete : Time (s): cpu = 00:00:24 ; elapsed = 00:00:25 . Memory (MB): peak = 902.715 ; gain = 366.398
INFO: [Project 1-571] Translating synthesized netlist
INFO: [Project 1-570] Preparing netlist for logic optimization
INFO: [Opt 31-138] Pushed 0 inverter(s) to 0 load pin(s).
Netlist sorting complete. Time (s): cpu = 00:00:00 ; elapsed = 00:00:00 . Memory (MB): peak = 922.844 ; gain = 0.000
INFO: [Project 1-111] Unisim Transformation Summary:
No Unisim elements were transformed.

INFO: [Common 17-83] Releasing license: Synthesis
30 Infos, 19 Warnings, 0 Critical Warnings and 0 Errors encountered.
synth_design completed successfully
synth_design: Time (s): cpu = 00:00:30 ; elapsed = 00:00:32 . Memory (MB): peak = 922.844 ; gain = 622.742
Netlist sorting complete. Time (s): cpu = 00:00:00 ; elapsed = 00:00:00 . Memory (MB): peak = 922.844 ; gain = 0.000
WARNING: [Constraints 18-5210] No constraints selected for write.
Resolution: This message can indicate that there are no constraints for the design, or it can indicate that the used_in flags are set such that the constraints are ignored. This later case is used when running synth_design to not write synthesis constraints to the resulting checkpoint. Instead, project constraints are read when the synthesized design is opened.
INFO: [Common 17-1381] The checkpoint 'C:/Mini_Cruze_Max/S4e-APP6-Vivado_2019/APP6/APP6.runs/design_1_in_potentio_0_0_synth_1/design_1_in_potentio_0_0.dcp' has been generated.
WARNING: [Common 17-576] 'use_project_ipc' is deprecated. This option is deprecated and no longer used.
INFO: [Coretcl 2-1648] Added synthesis output to IP cache for IP design_1_in_potentio_0_0, cache-ID = d48eb195b7f5c299
INFO: [Coretcl 2-1174] Renamed 2 cell refs.
Netlist sorting complete. Time (s): cpu = 00:00:00 ; elapsed = 00:00:00 . Memory (MB): peak = 922.844 ; gain = 0.000
WARNING: [Constraints 18-5210] No constraints selected for write.
Resolution: This message can indicate that there are no constraints for the design, or it can indicate that the used_in flags are set such that the constraints are ignored. This later case is used when running synth_design to not write synthesis constraints to the resulting checkpoint. Instead, project constraints are read when the synthesized design is opened.
INFO: [Common 17-1381] The checkpoint 'C:/Mini_Cruze_Max/S4e-APP6-Vivado_2019/APP6/APP6.runs/design_1_in_potentio_0_0_synth_1/design_1_in_potentio_0_0.dcp' has been generated.
INFO: [runtcl-4] Executing : report_utilization -file design_1_in_potentio_0_0_utilization_synth.rpt -pb design_1_in_potentio_0_0_utilization_synth.pb
INFO: [Common 17-206] Exiting Vivado at Sun Apr 19 13:41:13 2020...
